<?xml version="1.0" encoding="UTF-8"?>
<!-- Generated by org.testng.reporters.JUnitReportReporter -->
<testsuite hostname="DESKTOP-FNRMUOO" failures="0" tests="1" name="Script.Test2" time="6.266" errors="0" timestamp="2023-07-28T17:20:26 IST" skipped="0">
  <testcase classname="Script.Test2" name="test2" time="6.266">
    <system-out>
      <![CDATA[Test2....]]>
    </system-out>
  </testcase> <!-- test2 -->
  <system-out>
    <![CDATA[bhanu
Test1....
Test2....
Test3....]]>
  </system-out>
</testsuite> <!-- Script.Test2 -->
