<?xml version="1.0" encoding="UTF-8"?>
<!-- Generated by org.testng.reporters.JUnitReportReporter -->
<testsuite hostname="DESKTOP-FNRMUOO" failures="0" tests="1" name="script.InvalidLogin" time="22.817" errors="0" timestamp="2023-07-30T22:52:27 IST" skipped="0">
  <testcase classname="script.InvalidLogin" name="testInvalidLogin" time="22.817">
    <system-out>
      <![CDATA[Error Msg is displayed]]>
    </system-out>
  </testcase> <!-- testInvalidLogin -->
  <system-out>
    <![CDATA[Error Msg is displayed]]>
  </system-out>
</testsuite> <!-- script.InvalidLogin -->
