<?xml version="1.0" encoding="UTF-8"?>
<!-- Generated by org.testng.reporters.JUnitReportReporter -->
<testsuite hostname="DESKTOP-FNRMUOO" failures="0" tests="1" name="script.ValidLogin" time="36.912" errors="0" timestamp="2023-07-30T21:48:22 IST" skipped="0">
  <testcase classname="script.ValidLogin" name="testValidLogin" time="36.912">
    <system-out>
      <![CDATA[Home Page is diplayed]]>
    </system-out>
  </testcase> <!-- testValidLogin -->
  <system-out>
    <![CDATA[Home Page is diplayed]]>
  </system-out>
</testsuite> <!-- script.ValidLogin -->
