<?xml version="1.0" encoding="UTF-8"?>
<!-- Generated by org.testng.reporters.JUnitReportReporter -->
<testsuite hostname="DESKTOP-FNRMUOO" failures="0" tests="2" name="Script.Test1" time="35.026" errors="0" timestamp="2023-07-30T14:00:32 IST" skipped="0">
  <testcase classname="Script.Test1" name="test2" time="13.748">
    <system-out>
      <![CDATA[hi]]>
    </system-out>
  </testcase> <!-- test2 -->
  <testcase classname="Script.Test1" name="test1" time="21.278">
    <system-out>
      <![CDATA[bhanu
Test1....]]>
    </system-out>
  </testcase> <!-- test1 -->
  <system-out>
    <![CDATA[bhanu
Test1....
hi]]>
  </system-out>
</testsuite> <!-- Script.Test1 -->
